2025-04-24T12:15:46.273Z error: 500 ~ Invalid credentials - POST - /api/auth/login - ::1
2025-04-25T11:20:32.914Z error: 500 ~ User already exists - POST - /api/auth/register - ::1
2025-04-25T11:36:21.599Z error: 500 ~ CustomError is not defined - POST - /api/property/create - ::1
2025-04-25T11:36:58.718Z error: 500 ~ Property validation failed: host: Path `host` is required. - POST - /api/property/create - ::1
2025-04-25T12:17:48.924Z error: 500 ~ Property not found - GET - /api/property/read/680b741fe997f1498b86bf92 - ::1
2025-04-25T22:26:01.454Z error: 500 ~ Cannot destructure property 'propertyId' of 'req.body' as it is undefined. - POST - /api/booking/create - ::1
2025-04-25T22:27:47.706Z error: 400 ~ Expected double-quoted property name in JSON at position 180 (line 7 column 3) - POST - /api/booking/create - ::1
2025-04-25T22:27:59.106Z error: 400 ~ Unexpected non-whitespace character after JSON at position 182 (line 8 column 1) - POST - /api/booking/create - ::1
2025-04-25T22:28:09.721Z error: 400 ~ Unexpected non-whitespace character after JSON at position 184 (line 8 column 1) - POST - /api/booking/create - ::1
2025-04-25T22:29:08.532Z error: 500 ~ CustomError is not defined - POST - /api/booking/create - ::1
2025-04-25T22:29:30.059Z error: 500 ~ Property not found - POST - /api/booking/create - ::1
2025-04-25T22:31:34.730Z error: 500 ~ Property not found - POST - /api/booking/create - ::1
2025-04-25T22:33:29.496Z error: 500 ~ Property not found - POST - /api/booking/create - ::1
2025-04-25T22:36:24.173Z error: 500 ~ paymentInstance is not defined - POST - /api/booking/create - ::1
2025-04-25T22:37:58.515Z error: 500 ~ Cannot read properties of undefined (reading 'create') - POST - /api/booking/create - ::1
2025-04-28T20:08:10.459Z error: 500 ~ sendEmail is not a function - POST - /api/booking/create - ::1
2025-04-30T10:15:00.834Z error: 500 ~ No bookings found for this user - GET - /api/booking/user-bookings/6811f80c5728973517d05ad9 - ::1
2025-04-30T12:07:58.615Z error: 500 ~  - POST - /api/booking/create - ::1
2025-04-30T12:08:20.212Z error: 500 ~  - POST - /api/booking/create - ::1
2025-04-30T12:08:30.154Z error: 500 ~ Property not found - POST - /api/booking/create - ::1
2025-04-30T12:14:31.500Z error: 500 ~  - POST - /api/booking/create - ::1
2025-04-30T12:15:22.521Z error: 500 ~ Property not found - GET - /api/property/read/680b741fe997f1498b86bf92 - ::1
2025-04-30T12:15:44.941Z error: 500 ~  - POST - /api/booking/create - ::1
2025-04-30T12:16:30.572Z error: 500 ~  - POST - /api/booking/create - ::1
2025-04-30T12:17:32.178Z error: 500 ~  - POST - /api/booking/create - ::1
2025-04-30T12:17:47.516Z error: 500 ~ Property not found - POST - /api/booking/create - ::1
2025-04-30T12:20:53.882Z error: 500 ~ Property not found - POST - /api/booking/create - ::1
2025-04-30T12:39:33.074Z error: 500 ~ Invalid credentials - POST - /api/auth/login - ::1
2025-04-30T12:42:07.432Z error: 500 ~ No bookings found for this user - GET - /api/booking/user-bookings/68121a27d7a28dff5eed6cb9 - ::1
2025-04-30T13:06:20.680Z error: 500 ~ E11000 duplicate key error collection: Pilo-Ject.users index: username_1 dup key: { username: "User_645" } - POST - /api/auth/register - ::1
2025-04-30T13:11:37.065Z error: 500 ~ User already exists - POST - /api/auth/register - ::1
2025-04-30T15:04:09.606Z error: 500 ~ Amount and currency are required - POST - /api/payment/payment-process - ::1
2025-04-30T15:04:35.941Z error: 500 ~ Payment failed - POST - /api/payment/payment-process - ::1
2025-04-30T15:05:16.720Z error: 500 ~ Amount and currency are required - POST - /api/payment/payment-process - ::1
2025-05-01T14:13:29.055Z error: 500 ~ No bookings found for this user - GET - /api/booking/user-bookings/6813817da915d87d67fdddf0 - ::1
2025-05-01T14:37:43.144Z error: 500 ~ Payment failed - POST - /api/payment/payment-process - ::1
2025-05-01T14:37:58.207Z error: 500 ~ Payment failed - POST - /api/payment/payment-process - ::1
2025-05-01T14:38:59.011Z error: 500 ~ Payment failed - POST - /api/payment/payment-process - ::1
2025-05-01T14:47:27.155Z error: 500 ~ Payment failed - POST - /api/payment/payment-process - ::1
2025-05-01T14:48:20.057Z error: 500 ~ Payment failed - POST - /api/payment/payment-process - ::1
2025-05-01T14:48:32.975Z error: 500 ~ Payment failed - POST - /api/payment/payment-process - ::1
2025-05-01T14:49:55.156Z error: 500 ~ Payment failed - POST - /api/payment/payment-process - ::1
2025-05-01T14:51:02.312Z error: 500 ~ Payment failed - POST - /api/payment/payment-process - ::1
2025-05-01T14:56:33.269Z error: 500 ~ Payment verification failed - POST - /api/payment/payment-verify - ::1
2025-05-01T14:57:01.997Z error: 500 ~ Booking not found - POST - /api/payment/payment-verify - ::1
